<?xml version="1.0" encoding="UTF-8"?>
<testng-results ignored="0" total="1" passed="1" failed="0" skipped="0">
  <reporter-output>
  </reporter-output>
  <suite started-at="2023-11-05T11:05:13 IST" name="Suite" finished-at="2023-11-05T11:05:17 IST" duration-ms="4097">
    <groups>
    </groups>
    <test started-at="2023-11-05T11:05:13 IST" name="Test" finished-at="2023-11-05T11:05:17 IST" duration-ms="4097">
      <class name="PETSTORE.API.test.TC_Store2">
        <test-method is-config="true" signature="setup()[pri:0, instance:PETSTORE.API.test.TC_Store2@636e8cc]" started-at="2023-11-05T11:05:14 IST" name="setup" finished-at="2023-11-05T11:05:14 IST" duration-ms="21" status="PASS">
          <reporter-output>
          </reporter-output>
        </test-method> <!-- setup -->
        <test-method signature="test_PlaceAnOrderForPet()[pri:1, instance:PETSTORE.API.test.TC_Store2@636e8cc]" started-at="2023-11-05T11:05:14 IST" name="test_PlaceAnOrderForPet" finished-at="2023-11-05T11:05:17 IST" duration-ms="3686" status="PASS">
          <reporter-output>
          </reporter-output>
        </test-method> <!-- test_PlaceAnOrderForPet -->
      </class> <!-- PETSTORE.API.test.TC_Store2 -->
    </test> <!-- Test -->
  </suite> <!-- Suite -->
</testng-results>
